  sample.cpp
e:\学习\大三上\计算机图形学\计图大作业\modeler_html_2015fall\modeler_vc2005 by 严靖 2013150028\modeler_vc2005\sample.cpp(8): fatal error C1083: 无法打开包括文件: “gl\glaux.h”: No such file or directory
  modelerview.cpp
e:\学习\大三上\计算机图形学\计图大作业\modeler_html_2015fall\modeler_vc2005 by 严靖 2013150028\modeler_vc2005\modelerview.cpp(92): warning C4244: “=”: 从“double”转换到“GLfloat”，可能丢失数据
e:\学习\大三上\计算机图形学\计图大作业\modeler_html_2015fall\modeler_vc2005 by 严靖 2013150028\modeler_vc2005\modelerview.cpp(93): warning C4244: “=”: 从“double”转换到“GLfloat”，可能丢失数据
e:\学习\大三上\计算机图形学\计图大作业\modeler_html_2015fall\modeler_vc2005 by 严靖 2013150028\modeler_vc2005\modelerview.cpp(94): warning C4244: “=”: 从“double”转换到“GLfloat”，可能丢失数据
e:\学习\大三上\计算机图形学\计图大作业\modeler_html_2015fall\modeler_vc2005 by 严靖 2013150028\modeler_vc2005\modelerview.cpp(96): warning C4244: “=”: 从“double”转换到“GLfloat”，可能丢失数据
e:\学习\大三上\计算机图形学\计图大作业\modeler_html_2015fall\modeler_vc2005 by 严靖 2013150028\modeler_vc2005\modelerview.cpp(97): warning C4244: “=”: 从“double”转换到“GLfloat”，可能丢失数据
e:\学习\大三上\计算机图形学\计图大作业\modeler_html_2015fall\modeler_vc2005 by 严靖 2013150028\modeler_vc2005\modelerview.cpp(98): warning C4244: “=”: 从“double”转换到“GLfloat”，可能丢失数据
e:\学习\大三上\计算机图形学\计图大作业\modeler_html_2015fall\modeler_vc2005 by 严靖 2013150028\modeler_vc2005\modelerview.cpp(99): warning C4244: “=”: 从“double”转换到“GLfloat”，可能丢失数据
  modelerui.cxx
e:\学习\大三上\计算机图形学\计图大作业\modeler_html_2015fall\modeler_vc2005 by 严靖 2013150028\modeler_vc2005\modelerui.cxx(103): warning C4996: 'fopen': This function or variable may be unsafe. Consider using fopen_s instead. To disable deprecation, use _CRT_SECURE_NO_WARNINGS. See online help for details.
  c:\program files (x86)\windows kits\10\include\10.0.10240.0\ucrt\stdio.h(205): note: 参见“fopen”的声明
  modelerdraw.cpp
e:\学习\大三上\计算机图形学\计图大作业\modeler_html_2015fall\modeler_vc2005 by 严靖 2013150028\modeler_vc2005\modelerdraw.cpp(151): warning C4996: 'fopen': This function or variable may be unsafe. Consider using fopen_s instead. To disable deprecation, use _CRT_SECURE_NO_WARNINGS. See online help for details.
  c:\program files (x86)\windows kits\10\include\10.0.10240.0\ucrt\stdio.h(205): note: 参见“fopen”的声明
  modelerapp.cpp
e:\学习\大三上\计算机图形学\计图大作业\modeler_html_2015fall\modeler_vc2005 by 严靖 2013150028\modeler_vc2005\modelerapp.cpp(37): warning C4996: 'strncpy': This function or variable may be unsafe. Consider using strncpy_s instead. To disable deprecation, use _CRT_SECURE_NO_WARNINGS. See online help for details.
  c:\program files (x86)\windows kits\10\include\10.0.10240.0\ucrt\string.h(346): note: 参见“strncpy”的声明
  camera.cpp
  bitmap.cpp
e:\学习\大三上\计算机图形学\计图大作业\modeler_html_2015fall\modeler_vc2005 by 严靖 2013150028\modeler_vc2005\bitmap.cpp(22): warning C4996: 'fopen': This function or variable may be unsafe. Consider using fopen_s instead. To disable deprecation, use _CRT_SECURE_NO_WARNINGS. See online help for details.
  c:\program files (x86)\windows kits\10\include\10.0.10240.0\ucrt\stdio.h(205): note: 参见“fopen”的声明
e:\学习\大三上\计算机图形学\计图大作业\modeler_html_2015fall\modeler_vc2005 by 严靖 2013150028\modeler_vc2005\bitmap.cpp(128): warning C4996: 'fopen': This function or variable may be unsafe. Consider using fopen_s instead. To disable deprecation, use _CRT_SECURE_NO_WARNINGS. See online help for details.
  c:\program files (x86)\windows kits\10\include\10.0.10240.0\ucrt\stdio.h(205): note: 参见“fopen”的声明
  正在生成代码...
